#
# There is insufficient memory for the Java Runtime Environment to continue.
# Native memory allocation (malloc) failed to allocate 1386976 bytes for Chunk::new
# Possible reasons:
#   The system is out of physical RAM or swap space
#   In 32 bit mode, the process size limit was hit
# Possible solutions:
#   Reduce memory load on the system
#   Increase physical memory or swap space
#   Check if swap backing store is full
#   Use 64 bit Java on a 64 bit OS
#   Decrease Java heap size (-Xmx/-Xms)
#   Decrease number of Java threads
#   Decrease Java thread stack sizes (-Xss)
#   Set larger code cache with -XX:ReservedCodeCacheSize=
# This output file may be truncated or incomplete.
#
#  Out of Memory Error (allocation.cpp:390), pid=4364, tid=8052
#
# JRE version: Java(TM) SE Runtime Environment (8.0_51-b16) (build 1.8.0_51-b16)
# Java VM: Java HotSpot(TM) 64-Bit Server VM (25.51-b03 mixed mode windows-amd64 compressed oops)
# Failed to write core dump. Minidumps are not enabled by default on client versions of Windows
#

---------------  T H R E A D  ---------------

Current thread (0x0000000015093000):  JavaThread "C2 CompilerThread1" daemon [_thread_in_native, id=8052, stack(0x00000000166f0000,0x00000000167f0000)]

Stack: [0x00000000166f0000,0x00000000167f0000]
Native frames: (J=compiled Java code, j=interpreted, Vv=VM code, C=native code)
V  [jvm.dll+0x32b4ca]


Current CompileTask:
C2:    967 1034   !   4       com.android.dx.cf.code.BytecodeArray::parseInstruction (2764 bytes)


---------------  P R O C E S S  ---------------

Java Threads: ( => current thread )
  0x0000000016b18000 JavaThread "pool-1-thread-4" [_thread_in_Java, id=4076, stack(0x00000000172f0000,0x00000000173f0000)]
  0x0000000016a7c800 JavaThread "pool-1-thread-3" [_thread_in_Java, id=6228, stack(0x00000000171f0000,0x00000000172f0000)]
  0x0000000016a7c000 JavaThread "pool-1-thread-2" [_thread_in_Java, id=5456, stack(0x00000000170f0000,0x00000000171f0000)]
  0x0000000016a7d800 JavaThread "pool-2-thread-1" [_thread_blocked, id=904, stack(0x0000000016ff0000,0x00000000170f0000)]
  0x0000000016a6d800 JavaThread "pool-1-thread-1" [_thread_blocked, id=6408, stack(0x0000000016ef0000,0x0000000016ff0000)]
  0x0000000016920800 JavaThread "Service Thread" daemon [_thread_blocked, id=3560, stack(0x0000000016cf0000,0x0000000016df0000)]
  0x000000001509a000 JavaThread "C1 CompilerThread2" daemon [_thread_in_native, id=6312, stack(0x00000000167f0000,0x00000000168f0000)]
=>0x0000000015093000 JavaThread "C2 CompilerThread1" daemon [_thread_in_native, id=8052, stack(0x00000000166f0000,0x00000000167f0000)]
  0x000000001508f800 JavaThread "C2 CompilerThread0" daemon [_thread_in_native, id=4744, stack(0x00000000165f0000,0x00000000166f0000)]
  0x000000001508d800 JavaThread "Attach Listener" daemon [_thread_blocked, id=7336, stack(0x00000000164f0000,0x00000000165f0000)]
  0x000000001508a800 JavaThread "Signal Dispatcher" daemon [_thread_blocked, id=7660, stack(0x00000000163f0000,0x00000000164f0000)]
  0x00000000029b7000 JavaThread "Finalizer" daemon [_thread_blocked, id=1584, stack(0x00000000162f0000,0x00000000163f0000)]
  0x00000000029ae000 JavaThread "Reference Handler" daemon [_thread_blocked, id=7468, stack(0x00000000161f0000,0x00000000162f0000)]
  0x00000000028be800 JavaThread "main" [_thread_in_Java, id=1076, stack(0x0000000002720000,0x0000000002820000)]

Other Threads:
  0x0000000015057800 VMThread [stack: 0x00000000160f0000,0x00000000161f0000] [id=6704]
  0x00000000150ed800 WatcherThread [stack: 0x0000000016df0000,0x0000000016ef0000] [id=3912]

VM state:not at safepoint (normal execution)

VM Mutex/Monitor currently owned by a thread: None

Heap:
 PSYoungGen      total 18432K, used 7650K [0x00000000eab00000, 0x00000000ebf80000, 0x0000000100000000)
  eden space 15872K, 32% used [0x00000000eab00000,0x00000000eaff9fa8,0x00000000eba80000)
  from space 2560K, 99% used [0x00000000ebd00000,0x00000000ebf7e888,0x00000000ebf80000)
  to   space 2560K, 0% used [0x00000000eba80000,0x00000000eba80000,0x00000000ebd00000)
 ParOldGen       total 30720K, used 3088K [0x00000000c0000000, 0x00000000c1e00000, 0x00000000eab00000)
  object space 30720K, 10% used [0x00000000c0000000,0x00000000c0304210,0x00000000c1e00000)
 Metaspace       used 5729K, capacity 6896K, committed 7040K, reserved 1058816K
  class space    used 581K, capacity 616K, committed 640K, reserved 1048576K

Card table byte_map: [0x0000000011d80000,0x0000000011f90000] byte_map_base: 0x0000000011780000

Marking Bits: (ParMarkBitMap*) 0x000000006fb94040
 Begin Bits: [0x00000000124f0000, 0x00000000134f0000)
 End Bits:   [0x00000000134f0000, 0x00000000144f0000)

Polling page: 0x0000000000f20000

CodeCache: size=245760Kb used=4256Kb max_used=4256Kb free=241503Kb
 bounds [0x00000000029c0000, 0x0000000002df0000, 0x00000000119c0000]
 total_blobs=1350 nmethods=1081 adapters=182
 compilation: enabled

Compilation events (10 events):
Event: 0.956 Thread 0x000000001509a000 nmethod 1084 0x0000000002ddc9d0 code [0x0000000002ddcb20, 0x0000000002ddcc70]
Event: 0.956 Thread 0x000000001509a000 1085       3       java.util.concurrent.locks.ReentrantLock::unlock (10 bytes)
Event: 0.956 Thread 0x000000001509a000 nmethod 1085 0x0000000002ddccd0 code [0x0000000002ddce60, 0x0000000002ddd258]
Event: 0.956 Thread 0x000000001509a000 1086       3       com.android.dx.dex.file.DexFile::internIfAppropriate (128 bytes)
Event: 0.958 Thread 0x000000001509a000 nmethod 1086 0x0000000002ddd390 code [0x0000000002ddd620, 0x0000000002ddeb98]
Event: 0.958 Thread 0x000000001509a000 1087       3       com.android.dx.ssa.SsaConverter::placePhiFunctions (394 bytes)
Event: 0.960 Thread 0x000000001508f800 nmethod 1026 0x0000000002de1f50 code [0x0000000002de20a0, 0x0000000002de22c8]
Event: 0.960 Thread 0x000000001508f800 1040       4       com.android.dx.rop.type.Type::getFrameType (58 bytes)
Event: 0.961 Thread 0x000000001508f800 nmethod 1040 0x0000000002de2550 code [0x0000000002de2680, 0x0000000002de2718]
Event: 0.961 Thread 0x000000001508f800 1047       4       com.android.dx.ssa.back.LivenessAnalyzer::liveOutAtStatement (61 bytes)

GC Heap History (6 events):
Event: 0.357 GC heap before
{Heap before GC invocations=1 (full 0):
 PSYoungGen      total 18432K, used 6037K [0x00000000eab00000, 0x00000000ebf80000, 0x0000000100000000)
  eden space 15872K, 38% used [0x00000000eab00000,0x00000000eb0e5518,0x00000000eba80000)
  from space 2560K, 0% used [0x00000000ebd00000,0x00000000ebd00000,0x00000000ebf80000)
  to   space 2560K, 0% used [0x00000000eba80000,0x00000000eba80000,0x00000000ebd00000)
 ParOldGen       total 42496K, used 0K [0x00000000c0000000, 0x00000000c2980000, 0x00000000eab00000)
  object space 42496K, 0% used [0x00000000c0000000,0x00000000c0000000,0x00000000c2980000)
 Metaspace       used 3989K, capacity 5296K, committed 5376K, reserved 1060864K
  class space    used 451K, capacity 488K, committed 512K, reserved 1048576K
Event: 0.360 GC heap after
Heap after GC invocations=1 (full 0):
 PSYoungGen      total 18432K, used 1737K [0x00000000eab00000, 0x00000000ebf80000, 0x0000000100000000)
  eden space 15872K, 0% used [0x00000000eab00000,0x00000000eab00000,0x00000000eba80000)
  from space 2560K, 67% used [0x00000000eba80000,0x00000000ebc32660,0x00000000ebd00000)
  to   space 2560K, 0% used [0x00000000ebd00000,0x00000000ebd00000,0x00000000ebf80000)
 ParOldGen       total 42496K, used 8K [0x00000000c0000000, 0x00000000c2980000, 0x00000000eab00000)
  object space 42496K, 0% used [0x00000000c0000000,0x00000000c0002000,0x00000000c2980000)
 Metaspace       used 3989K, capacity 5296K, committed 5376K, reserved 1060864K
  class space    used 451K, capacity 488K, committed 512K, reserved 1048576K
}
Event: 0.361 GC heap before
{Heap before GC invocations=2 (full 1):
 PSYoungGen      total 18432K, used 1737K [0x00000000eab00000, 0x00000000ebf80000, 0x0000000100000000)
  eden space 15872K, 0% used [0x00000000eab00000,0x00000000eab00000,0x00000000eba80000)
  from space 2560K, 67% used [0x00000000eba80000,0x00000000ebc32660,0x00000000ebd00000)
  to   space 2560K, 0% used [0x00000000ebd00000,0x00000000ebd00000,0x00000000ebf80000)
 ParOldGen       total 42496K, used 8K [0x00000000c0000000, 0x00000000c2980000, 0x00000000eab00000)
  object space 42496K, 0% used [0x00000000c0000000,0x00000000c0002000,0x00000000c2980000)
 Metaspace       used 3989K, capacity 5296K, committed 5376K, reserved 1060864K
  class space    used 451K, capacity 488K, committed 512K, reserved 1048576K
Event: 0.371 GC heap after
Heap after GC invocations=2 (full 1):
 PSYoungGen      total 18432K, used 0K [0x00000000eab00000, 0x00000000ebf80000, 0x0000000100000000)
  eden space 15872K, 0% used [0x00000000eab00000,0x00000000eab00000,0x00000000eba80000)
  from space 2560K, 0% used [0x00000000eba80000,0x00000000eba80000,0x00000000ebd00000)
  to   space 2560K, 0% used [0x00000000ebd00000,0x00000000ebd00000,0x00000000ebf80000)
 ParOldGen       total 30720K, used 1623K [0x00000000c0000000, 0x00000000c1e00000, 0x00000000eab00000)
  object space 30720K, 5% used [0x00000000c0000000,0x00000000c0195c08,0x00000000c1e00000)
 Metaspace       used 3989K, capacity 5296K, committed 5376K, reserved 1058816K
  class space    used 451K, capacity 488K, committed 512K, reserved 1048576K
}
Event: 0.855 GC heap before
{Heap before GC invocations=3 (full 1):
 PSYoungGen      total 18432K, used 15872K [0x00000000eab00000, 0x00000000ebf80000, 0x0000000100000000)
  eden space 15872K, 100% used [0x00000000eab00000,0x00000000eba80000,0x00000000eba80000)
  from space 2560K, 0% used [0x00000000eba80000,0x00000000eba80000,0x00000000ebd00000)
  to   space 2560K, 0% used [0x00000000ebd00000,0x00000000ebd00000,0x00000000ebf80000)
 ParOldGen       total 30720K, used 1623K [0x00000000c0000000, 0x00000000c1e00000, 0x00000000eab00000)
  object space 30720K, 5% used [0x00000000c0000000,0x00000000c0195c08,0x00000000c1e00000)
 Metaspace       used 5667K, capacity 6832K, committed 7040K, reserved 1058816K
  class space    used 581K, capacity 616K, committed 640K, reserved 1048576K
Event: 0.863 GC heap after
Heap after GC invocations=3 (full 1):
 PSYoungGen      total 18432K, used 2554K [0x00000000eab00000, 0x00000000ebf80000, 0x0000000100000000)
  eden space 15872K, 0% used [0x00000000eab00000,0x00000000eab00000,0x00000000eba80000)
  from space 2560K, 99% used [0x00000000ebd00000,0x00000000ebf7e888,0x00000000ebf80000)
  to   space 2560K, 0% used [0x00000000eba80000,0x00000000eba80000,0x00000000ebd00000)
 ParOldGen       total 30720K, used 3088K [0x00000000c0000000, 0x00000000c1e00000, 0x00000000eab00000)
  object space 30720K, 10% used [0x00000000c0000000,0x00000000c0304210,0x00000000c1e00000)
 Metaspace       used 5667K, capacity 6832K, committed 7040K, reserved 1058816K
  class space    used 581K, capacity 616K, committed 640K, reserved 1048576K
}

Deoptimization events (10 events):
Event: 0.641 Thread 0x0000000016a7c800 Uncommon trap: reason=unstable_if action=reinterpret pc=0x0000000002bf3f08 method=java.util.HashMap.getNode(ILjava/lang/Object;)Ljava/util/HashMap$Node; @ 62
Event: 0.670 Thread 0x0000000016a7c000 Uncommon trap: reason=unstable_if action=reinterpret pc=0x0000000002b54994 method=com.android.dx.rop.cst.CstFieldRef.compareTo0(Lcom/android/dx/rop/cst/Constant;)I @ 7
Event: 0.681 Thread 0x0000000016a7c000 Uncommon trap: reason=class_check action=maybe_recompile pc=0x0000000002c5ba70 method=com.android.dx.ssa.NormalSsaInsn.accept(Lcom/android/dx/ssa/SsaInsn$Visitor;)V @ 9
Event: 0.681 Thread 0x0000000016a7c000 Uncommon trap: reason=class_check action=maybe_recompile pc=0x0000000002c5ba70 method=com.android.dx.ssa.NormalSsaInsn.accept(Lcom/android/dx/ssa/SsaInsn$Visitor;)V @ 9
Event: 0.683 Thread 0x0000000016a7c000 Uncommon trap: reason=class_check action=maybe_recompile pc=0x0000000002c5ba70 method=com.android.dx.ssa.NormalSsaInsn.accept(Lcom/android/dx/ssa/SsaInsn$Visitor;)V @ 9
Event: 0.683 Thread 0x0000000016a7c000 Uncommon trap: reason=class_check action=maybe_recompile pc=0x0000000002c5ba70 method=com.android.dx.ssa.NormalSsaInsn.accept(Lcom/android/dx/ssa/SsaInsn$Visitor;)V @ 9
Event: 0.709 Thread 0x00000000028be800 Uncommon trap: reason=unloaded action=reinterpret pc=0x0000000002c6e7cc method=com.android.dx.cf.cst.ConstantPoolParser.parse0(ILjava/util/BitSet;)Lcom/android/dx/rop/cst/Constant; @ 475
Event: 0.821 Thread 0x00000000028be800 Uncommon trap: reason=unstable_if action=reinterpret pc=0x0000000002c07d38 method=com.android.dx.rop.cst.StdConstantPool.set(ILcom/android/dx/rop/cst/Constant;)V @ 12
Event: 0.908 Thread 0x0000000016b18000 Uncommon trap: reason=unstable_if action=reinterpret pc=0x0000000002c3f16c method=java.util.HashMap.getNode(ILjava/lang/Object;)Ljava/util/HashMap$Node; @ 62
Event: 0.940 Thread 0x0000000016b18000 Uncommon trap: reason=unstable_if action=reinterpret pc=0x0000000002baf71c method=com.android.dx.rop.cst.Constant.compareTo(Lcom/android/dx/rop/cst/Constant;)I @ 12

Internal exceptions (2 events):
Event: 0.097 Thread 0x00000000028be800 Exception <a 'java/lang/NoSuchMethodError': Method sun.misc.Unsafe.defineClass(Ljava/lang/String;[BII)Ljava/lang/Class; name or signature does not match> (0x00000000eab12f78) thrown at [C:\re\workspace\8-2-build-windows-amd64-cygwin\jdk8u51\3951\hotspot\sr4º6£ÎÞ¸?
Event: 0.097 Thread 0x00000000028be800 Exception <a 'java/lang/NoSuchMethodError': Method sun.misc.Unsafe.prefetchRead(Ljava/lang/Object;J)V name or signature does not match> (0x00000000eab13208) thrown at [C:\re\workspace\8-2-build-windows-amd64-cygwin\jdk8u51\3951\hotspot\src\share\vm\prims\j

Events (10 events):
Event: 0.842 loading class com/android/dx/cf/attrib/BaseAnnotations
Event: 0.842 loading class com/android/dx/cf/attrib/BaseAnnotations done
Event: 0.854 Executing VM operation: ParallelGCFailedAllocation
Event: 0.863 Executing VM operation: ParallelGCFailedAllocation done
Event: 0.908 Thread 0x0000000016b18000 Uncommon trap: trap_request=0xffffff65 fr.pc=0x0000000002c3f16c
Event: 0.908 Thread 0x0000000016b18000 DEOPT PACKING pc=0x0000000002c3f16c sp=0x00000000173ee720
Event: 0.908 Thread 0x0000000016b18000 DEOPT UNPACKING pc=0x0000000002a0582a sp=0x00000000173ee640 mode 2
Event: 0.940 Thread 0x0000000016b18000 Uncommon trap: trap_request=0xffffff65 fr.pc=0x0000000002baf71c
Event: 0.940 Thread 0x0000000016b18000 DEOPT PACKING pc=0x0000000002baf71c sp=0x00000000173ee400
Event: 0.940 Thread 0x0000000016b18000 DEOPT UNPACKING pc=0x0000000002a0582a sp=0x00000000173ee3a0 mode 2


Dynamic libraries:
0x00007ff64af80000 - 0x00007ff64afb7000 	C:\Program Files\Java\jdk1.8.0_51\bin\java.exe
0x00007ff97c690000 - 0x00007ff97c83c000 	C:\Windows\SYSTEM32\ntdll.dll
0x00007ff97b910000 - 0x00007ff97ba4e000 	C:\Windows\system32\KERNEL32.DLL
0x00007ff979bf0000 - 0x00007ff979d05000 	C:\Windows\system32\KERNELBASE.dll
0x00007ff978380000 - 0x00007ff97840e000 	C:\Windows\system32\apphelp.dll
0x00007ff969e90000 - 0x00007ff969ee3000 	C:\Windows\AppPatch\AppPatch64\AcGenral.DLL
0x00007ff979d10000 - 0x00007ff979dba000 	C:\Windows\system32\msvcrt.dll
0x00007ff9795b0000 - 0x00007ff9795de000 	C:\Windows\SYSTEM32\SspiCli.dll
0x00007ff97a110000 - 0x00007ff97a164000 	C:\Windows\system32\SHLWAPI.dll
0x00007ff97c060000 - 0x00007ff97c1d7000 	C:\Windows\system32\USER32.dll
0x00007ff97b770000 - 0x00007ff97b904000 	C:\Windows\system32\ole32.dll
0x00007ff97a170000 - 0x00007ff97b69b000 	C:\Windows\system32\SHELL32.dll
0x00007ff978d80000 - 0x00007ff978da1000 	C:\Windows\SYSTEM32\USERENV.dll
0x00007ff97c5e0000 - 0x00007ff97c68a000 	C:\Windows\system32\ADVAPI32.dll
0x00007ff969810000 - 0x00007ff96982e000 	C:\Windows\SYSTEM32\MPR.dll
0x00007ff97c490000 - 0x00007ff97c5d1000 	C:\Windows\system32\RPCRT4.dll
0x00007ff97b710000 - 0x00007ff97b769000 	C:\Windows\SYSTEM32\sechost.dll
0x00007ff97bbc0000 - 0x00007ff97bdd1000 	C:\Windows\SYSTEM32\combase.dll
0x00007ff97c200000 - 0x00007ff97c34f000 	C:\Windows\system32\GDI32.dll
0x00007ff9797e0000 - 0x00007ff9797f5000 	C:\Windows\SYSTEM32\profapi.dll
0x00007ff977d50000 - 0x00007ff977e02000 	C:\Windows\SYSTEM32\SHCORE.dll
0x00007ff979fa0000 - 0x00007ff979fd6000 	C:\Windows\system32\IMM32.DLL
0x00007ff97ba50000 - 0x00007ff97bba2000 	C:\Windows\system32\MSCTF.dll
0x00007ff977430000 - 0x00007ff9776ab000 	C:\Windows\WinSxS\amd64_microsoft.windows.common-controls_6595b64144ccf1df_6.0.9600.18006_none_623f33d3ecbe86e8\COMCTL32.dll
0x000000006ef40000 - 0x000000006f012000 	C:\Program Files\Java\jdk1.8.0_51\jre\bin\msvcr100.dll
0x000000006f390000 - 0x000000006fc13000 	C:\Program Files\Java\jdk1.8.0_51\jre\bin\server\jvm.dll
0x00007ff96ad60000 - 0x00007ff96ad69000 	C:\Windows\SYSTEM32\WSOCK32.dll
0x00007ff974780000 - 0x00007ff9747a2000 	C:\Windows\SYSTEM32\WINMM.dll
0x00007ff96de50000 - 0x00007ff96de5a000 	C:\Windows\SYSTEM32\VERSION.dll
0x00007ff97bde0000 - 0x00007ff97bde7000 	C:\Windows\system32\PSAPI.DLL
0x00007ff979fe0000 - 0x00007ff97a03a000 	C:\Windows\system32\WS2_32.dll
0x00007ff974750000 - 0x00007ff97477a000 	C:\Windows\SYSTEM32\WINMMBASE.dll
0x00007ff97a040000 - 0x00007ff97a049000 	C:\Windows\system32\NSI.dll
0x00007ff979910000 - 0x00007ff97995f000 	C:\Windows\SYSTEM32\cfgmgr32.dll
0x00007ff9785d0000 - 0x00007ff9785f8000 	C:\Windows\SYSTEM32\DEVOBJ.dll
0x000000006ff40000 - 0x000000006ff4f000 	C:\Program Files\Java\jdk1.8.0_51\jre\bin\verify.dll
0x000000006f360000 - 0x000000006f389000 	C:\Program Files\Java\jdk1.8.0_51\jre\bin\java.dll
0x000000006ff20000 - 0x000000006ff36000 	C:\Program Files\Java\jdk1.8.0_51\jre\bin\zip.dll

VM Arguments:
jvm_args: -Xmx1024M -Dfile.encoding=windows-1251 -Duser.country=RU -Duser.language=ru -Duser.variant 
java_command: com.android.dx.command.Main --dex --num-threads=4 --output C:\Users\AnastasiyaVerenich\AndroidStudioProjects\VkRecipes\app\build\intermediates\dex\debug C:\Users\AnastasiyaVerenich\AndroidStudioProjects\VkRecipes\app\build\intermediates\classes\debug C:\Users\AnastasiyaVerenich\AndroidStudioProjects\VkRecipes\app\build\intermediates\pre-dexed\debug\support-annotations-22.2.0-2849653ba8209eaa81ffaea424ae61143bec8d05.jar C:\Users\AnastasiyaVerenich\AndroidStudioProjects\VkRecipes\app\build\intermediates\pre-dexed\debug\classes-15f299516eb9365d04172a5cca9723292d63b6b4.jar C:\Users\AnastasiyaVerenich\AndroidStudioProjects\VkRecipes\app\build\intermediates\pre-dexed\debug\classes-e067449a1b3abcfcfff5b3a47ffc246022b52c75.jar C:\Users\AnastasiyaVerenich\AndroidStudioProjects\VkRecipes\app\build\intermediates\pre-dexed\debug\classes-64b3c40c50e532b29acd4edac73902bd68a31507.jar C:\Users\AnastasiyaVerenich\AndroidStudioProjects\VkRecipes\app\build\intermediates\pre-dexed\debug\classes-66420eaa62a5de55bedd010e0926a56b0f16d28a.jar C:\Users\AnastasiyaVerenich\AndroidStudioProjects\VkRecipes\app\build\intermediates\pre-dexed\debug\classes-b8cebc3b00b49bd884f55de4a5573f5cd746e601.jar C:\Users\AnastasiyaVerenich\AndroidStudioProjects\VkRecipes\app\build\intermediates\pre-dexed\debug\classes-1c3cf82f2531a6372befb68699a7432eaf8a0b4b.jar C:\Users\AnastasiyaVerenich\AndroidStudioProjects\VkRecipes\app\build\intermediates\pre-dexed\debug\library-2.4.0-33e7b6aacdf3fa0cf3f64634348d5472d0fbec29.jar C:\Users\AnastasiyaVerenich\AndroidStudioProjects\VkRecipes\app\build\intermediates\pre-dexed\debug\retrofit-1.9.0-6d0d661b5acbd440e7385b0a9fdc280206354acc.jar C:\Users\AnastasiyaVerenich\AndroidStudioProjects\VkRecipes\app\build\intermediates\pre-dexed\debug\universal-image-loader-1.9.4-bb579bfbcfb41cde67adceced3ac933e64241679.jar C:\Users\AnastasiyaVerenich\AndroidStudioProjects\VkRecipes\app\build\intermediates\pre-dexed\debug\gson-2.3.1-693035a5428b557a9381e8b4819658839d5ab86
java_class_path (initial): C:\Development\Android\sdk\build-tools\23.0.0\lib\dx.jar
Launcher Type: SUN_STANDARD

Environment Variables:
PATH=C:\Program Files\Haskell\bin;C:\Program Files\Haskell Platform\7.10.2-a\lib\extralibs\bin;C:\Program Files\Haskell Platform\7.10.2-a\bin;C:\ProgramData\Oracle\Java\javapath;C:\Windows\system32;C:\Windows;C:\Windows\System32\Wbem;C:\Windows\System32\WindowsPowerShell\v1.0\;C:\Program Files\Haskell Platform\7.10.2-a\mingw\bin;C:\Program Files\Microsoft\Web Platform Installer\;C:\Program Files (x86)\Microsoft ASP.NET\ASP.NET Web Pages\v1.0\;C:\Program Files (x86)\Windows Kits\8.0\Windows Performance Toolkit\;C:\Program Files\Microsoft SQL Server\110\Tools\Binn\;C:\Program Files (x86)\Windows Live\Shared;C:\Program Files (x86)\Skype\Phone\;C:\Users\AnastasiyaVerenich\AppData\Roaming\cabal\bin
USERNAME=AnastasiyaVerenich
OS=Windows_NT
PROCESSOR_IDENTIFIER=Intel64 Family 6 Model 58 Stepping 9, GenuineIntel



---------------  S Y S T E M  ---------------

OS: Windows 8.1 , 64 bit Build 9600 (6.3.9600.17415)

CPU:total 4 (2 cores per cpu, 2 threads per core) family 6 model 58 stepping 9, cmov, cx8, fxsr, mmx, sse, sse2, sse3, ssse3, sse4.1, sse4.2, popcnt, avx, clmul, erms, ht, tsc, tscinvbit, tscinv

Memory: 4k page, physical 4061360k(527068k free), swap 7207088k(5200k free)

vm_info: Java HotSpot(TM) 64-Bit Server VM (25.51-b03) for windows-amd64 JRE (1.8.0_51-b16), built on Jun  8 2015 18:03:07 by "java_re" with MS VC++ 10.0 (VS2010)

time: Thu Dec 17 22:26:44 2015
elapsed time: 0 seconds (0d 0h 0m 0s)

